[2025-03-28 19:28:34] [INICIO] Programa iniciado
[2025-03-28 19:28:37] [LOGIN] Login fallido: as
[2025-03-28 19:28:38] [LOGIN] Login exitoso: asdasdas
[2025-03-28 19:28:40] [FICHERO] Nombre de fichero invalido: a
[2025-03-28 19:28:42] [FICHERO] Nombre de fichero valido: nombre.txt
[2025-03-28 19:28:42] [FIN] Programa finalizado
[2025-03-28 19:28:54] [INICIO] Programa iniciado
[2025-03-28 19:29:05] [LOGIN] Login exitoso: asdasdas
[2025-03-28 19:29:10] [FICHERO] Nombre de fichero valido: archivo.txt
[2025-03-28 19:29:10] [FIN] Programa finalizado
[2025-03-28 20:19:57] [INICIO] Programa iniciado
[2025-03-28 20:19:59] [LOGIN] Login exitoso: asdasdas
[2025-03-28 20:32:38] [INICIO] Programa iniciado
[2025-03-28 20:32:39] [LOGIN] Login fallido: asd
[2025-03-28 20:32:41] [LOGIN] Login exitoso: asdasdas
[2025-03-28 21:01:56] [INICIO] Programa iniciado
[2025-03-28 21:02:04] [LOGIN] Login exitoso: asdasdas
[2025-03-28 21:02:05] [FICHERO] Nombre de fichero invalido: a
[2025-03-28 21:02:10] [FICHERO] Nombre de fichero valido: archivo.txt
[2025-03-28 21:02:10] [FIN] Programa finalizado
[2025-03-28 21:06:53] [INICIO] Programa iniciado
[2025-03-28 21:06:54] [LOGIN] Login fallido: asd
[2025-03-28 21:06:56] [LOGIN] Login exitoso: asdasdas
[2025-03-28 21:07:00] [FICHERO] Nombre de fichero valido: archivo.txt
[2025-03-28 21:07:00] [FIN] Programa finalizado
[2025-03-28 21:09:53] [INICIO] Programa iniciado
[2025-03-28 21:09:57] [LOGIN] Login exitoso: kkkkkkkk
[2025-03-28 21:10:45] [FICHERO] Nombre de fichero invalido: m
[2025-03-28 21:10:48] [FICHERO] Nombre de fichero invalido: 
[2025-03-28 21:10:49] [FICHERO] Nombre de fichero invalido: 1
[2025-03-28 21:10:51] [FICHERO] Nombre de fichero valido: archivo.txt
[2025-03-28 21:10:51] [FIN] Programa finalizado
[2025-03-28 21:10:55] [INICIO] Programa iniciado
[2025-03-28 21:10:57] [LOGIN] Login fallido: asdasd
[2025-03-28 21:10:58] [LOGIN] Login fallido: asdasdasd
[2025-03-28 21:10:59] [LOGIN] Login exitoso: asdasdas
[2025-03-28 21:11:04] [FICHERO] Nombre de fichero valido: archivo.txt
[2025-03-28 21:11:04] [FIN] Programa finalizado
[2025-03-28 21:36:49] [INICIO] Programa iniciado
[2025-03-28 21:41:20] [INICIO] Programa iniciado
